<?xml version="1.0" encoding="UTF-8"?>
<!-- Generated by org.testng.reporters.JUnitXMLReporter -->
<testsuite hostname="EN1410490" ignored="0" name="RestAssured test" tests="3" failures="0" timestamp="22 Feb 2023 14:18:37 GMT" time="3.706" errors="0">
  <testcase name="postTweet" time="2.221" classname="com.sorin.statuses.TwitterWorkflowTest"/>
  <testcase name="readTweet" time="0.456" classname="com.sorin.statuses.TwitterWorkflowTest"/>
  <testcase name="deleteTweet" time="0.444" classname="com.sorin.statuses.TwitterWorkflowTest"/>
</testsuite> <!-- RestAssured test -->
